# JRE version: OpenJDK Runtime Environment (17.0.1+12) (build 17.0.1+12-39)
# Java VM: OpenJDK 64-Bit Server VM (17.0.1+12-39, mixed mode, sharing, tiered, compressed oops, compressed class ptrs, g1 gc, windows-amd64)
GC Precious Log:
 CPUs: 16 total, 16 available
 Memory: 15732M
 Large Page Support: Disabled
 NUMA Support: Disabled
 Compressed Oops: Enabled (Zero based)
 Heap Region Size: 2M
 Heap Min Capacity: 8M
 Heap Initial Capacity: 246M
 Heap Max Capacity: 3934M
 Pre-touch: Disabled
 Parallel Workers: 13
 Concurrent Workers: 3
 Concurrent Refinement Workers: 13
 Periodic GC: Disabled
Heap:
 garbage-first heap   total 253952K, used 63965K [0x000000070a200000, 0x0000000800000000)
  region size 2048K, 2 young (4096K), 2 survivors (4096K)
 Metaspace       used 30465K, committed 30848K, reserved 1081344K
  class space    used 3453K, committed 3648K, reserved 1048576K
GC Heap History (20 events):
Event: 2.765 GC heap after
{Heap after GC invocations=3 (full 0):
 garbage-first heap   total 251904K, used 18173K [0x000000070a200000, 0x0000000800000000)
  region size 2048K, 8 young (16384K), 8 survivors (16384K)
 Metaspace       used 18827K, committed 19008K, reserved 1073152K
  class space    used 2151K, committed 2240K, reserved 1048576K
}
Event: 2.882 GC heap before
{Heap before GC invocations=3 (full 0):
 garbage-first heap   total 251904K, used 32509K [0x000000070a200000, 0x0000000800000000)
  region size 2048K, 17 young (34816K), 8 survivors (16384K)
 Metaspace       used 21309K, committed 21504K, reserved 1073152K
  class space    used 2491K, committed 2560K, reserved 1048576K
}
Event: 2.889 GC heap after
{Heap after GC invocations=4 (full 0):
 garbage-first heap   total 251904K, used 19850K [0x000000070a200000, 0x0000000800000000)
  region size 2048K, 1 young (2048K), 1 survivors (2048K)
 Metaspace       used 21309K, committed 21504K, reserved 1073152K
  class space    used 2491K, committed 2560K, reserved 1048576K
}
Event: 3.305 GC heap before
{Heap before GC invocations=5 (full 0):
 garbage-first heap   total 75776K, used 60810K [0x000000070a200000, 0x0000000800000000)
  region size 2048K, 22 young (45056K), 1 survivors (2048K)
 Metaspace       used 24958K, committed 25152K, reserved 1073152K
  class space    used 2859K, committed 2944K, reserved 1048576K
}
Event: 3.310 GC heap after
{Heap after GC invocations=6 (full 0):
 garbage-first heap   total 77824K, used 31632K [0x000000070a200000, 0x0000000800000000)
  region size 2048K, 3 young (6144K), 3 survivors (6144K)
 Metaspace       used 24958K, committed 25152K, reserved 1073152K
  class space    used 2859K, committed 2944K, reserved 1048576K
}
Event: 3.311 GC heap before
{Heap before GC invocations=6 (full 0):
 garbage-first heap   total 77824K, used 31632K [0x000000070a200000, 0x0000000800000000)
  region size 2048K, 4 young (8192K), 3 survivors (6144K)
 Metaspace       used 24960K, committed 25152K, reserved 1073152K
  class space    used 2859K, committed 2944K, reserved 1048576K
}
Event: 3.314 GC heap after
{Heap after GC invocations=7 (full 0):
 garbage-first heap   total 77824K, used 32413K [0x000000070a200000, 0x0000000800000000)
  region size 2048K, 1 young (2048K), 1 survivors (2048K)
 Metaspace       used 24960K, committed 25152K, reserved 1073152K
  class space    used 2859K, committed 2944K, reserved 1048576K
}
Event: 3.474 GC heap before
{Heap before GC invocations=7 (full 0):
 garbage-first heap   total 77824K, used 52893K [0x000000070a200000, 0x0000000800000000)
  region size 2048K, 12 young (24576K), 1 survivors (2048K)
 Metaspace       used 25128K, committed 25408K, reserved 1073152K
  class space    used 2880K, committed 3008K, reserved 1048576K
}
Event: 3.478 GC heap after
{Heap after GC invocations=8 (full 0):
 garbage-first heap   total 77824K, used 38912K [0x000000070a200000, 0x0000000800000000)
  region size 2048K, 2 young (4096K), 2 survivors (4096K)
 Metaspace       used 25128K, committed 25408K, reserved 1073152K
  class space    used 2880K, committed 3008K, reserved 1048576K
}
Event: 3.657 GC heap before
{Heap before GC invocations=8 (full 0):
 garbage-first heap   total 77824K, used 57344K [0x000000070a200000, 0x0000000800000000)
  region size 2048K, 11 young (22528K), 2 survivors (4096K)
 Metaspace       used 25775K, committed 25984K, reserved 1073152K
  class space    used 2943K, committed 3008K, reserved 1048576K
}
Event: 3.661 GC heap after
{Heap after GC invocations=9 (full 0):
 garbage-first heap   total 77824K, used 42963K [0x000000070a200000, 0x0000000800000000)
  region size 2048K, 2 young (4096K), 2 survivors (4096K)
 Metaspace       used 25775K, committed 25984K, reserved 1073152K
  class space    used 2943K, committed 3008K, reserved 1048576K
}
Event: 3.994 GC heap before
{Heap before GC invocations=9 (full 0):
 garbage-first heap   total 77824K, used 57299K [0x000000070a200000, 0x0000000800000000)
  region size 2048K, 9 young (18432K), 2 survivors (4096K)
 Metaspace       used 27061K, committed 27392K, reserved 1073152K
  class space    used 3106K, committed 3264K, reserved 1048576K
}
Event: 4.000 GC heap after
{Heap after GC invocations=10 (full 0):
 garbage-first heap   total 208896K, used 44093K [0x000000070a200000, 0x0000000800000000)
  region size 2048K, 1 young (2048K), 1 survivors (2048K)
 Metaspace       used 27061K, committed 27392K, reserved 1073152K
  class space    used 3106K, committed 3264K, reserved 1048576K
}
Event: 4.487 GC heap before
{Heap before GC invocations=11 (full 0):
 garbage-first heap   total 151552K, used 132157K [0x000000070a200000, 0x0000000800000000)
  region size 2048K, 29 young (59392K), 1 survivors (2048K)
 Metaspace       used 28187K, committed 28544K, reserved 1081344K
  class space    used 3208K, committed 3392K, reserved 1048576K
}
Event: 4.493 GC heap after
{Heap after GC invocations=12 (full 0):
 garbage-first heap   total 151552K, used 54119K [0x000000070a200000, 0x0000000800000000)
  region size 2048K, 5 young (10240K), 5 survivors (10240K)
 Metaspace       used 28187K, committed 28544K, reserved 1081344K
  class space    used 3208K, committed 3392K, reserved 1048576K
}
Event: 4.493 GC heap before
{Heap before GC invocations=12 (full 0):
 garbage-first heap   total 151552K, used 54119K [0x000000070a200000, 0x0000000800000000)
  region size 2048K, 6 young (12288K), 5 survivors (10240K)
 Metaspace       used 28187K, committed 28544K, reserved 1081344K
  class space    used 3208K, committed 3392K, reserved 1048576K
}
Event: 4.497 GC heap after
{Heap after GC invocations=13 (full 0):
 garbage-first heap   total 151552K, used 47595K [0x000000070a200000, 0x0000000800000000)
  region size 2048K, 1 young (2048K), 1 survivors (2048K)
 Metaspace       used 28187K, committed 28544K, reserved 1081344K
  class space    used 3208K, committed 3392K, reserved 1048576K
}
Event: 4.809 GC heap before
{Heap before GC invocations=13 (full 0):
 garbage-first heap   total 151552K, used 104939K [0x000000070a200000, 0x0000000800000000)
  region size 2048K, 30 young (61440K), 1 survivors (2048K)
 Metaspace       used 28364K, committed 28736K, reserved 1081344K
  class space    used 3215K, committed 3392K, reserved 1048576K
}
Event: 4.815 GC heap after
{Heap after GC invocations=14 (full 0):
 garbage-first heap   total 151552K, used 61213K [0x000000070a200000, 0x0000000800000000)
  region size 2048K, 4 young (8192K), 4 survivors (8192K)
 Metaspace       used 28364K, committed 28736K, reserved 1081344K
  class space    used 3215K, committed 3392K, reserved 1048576K
}
Event: 5.519 GC heap before
{Heap before GC invocations=14 (full 0):
 garbage-first heap   total 151552K, used 106269K [0x000000070a200000, 0x0000000800000000)
  region size 2048K, 27 young (55296K), 4 survivors (8192K)
 Metaspace       used 30465K, committed 30848K, reserved 1081344K
  class space    used 3453K, committed 3648K, reserved 1048576K
}

